<?xml version="1.0" encoding="UTF-8"?>
<!-- Generated by org.testng.reporters.JUnitReportReporter -->
<testsuite hostname="DESKTOP-LN7KGGF" failures="0" tests="1" name="testngpkg.Systemwindowhandlingpgm" time="10.400" errors="0" timestamp="2023-12-27T15:39:40 IST" skipped="0">
  <testcase classname="testngpkg.Systemwindowhandlingpgm" name="fileUploadingpgm" time="10.400"/>
  <system-out/>
</testsuite> <!-- testngpkg.Systemwindowhandlingpgm -->
