<?xml version="1.0" encoding="UTF-8"?>
<!-- Generated by org.testng.reporters.JUnitReportReporter -->
<testsuite hostname="DESKTOP-LN7KGGF" failures="0" tests="1" name="testngpkg.Comparing2urlspgm" time="1.730" errors="0" timestamp="2023-12-27T17:17:35 IST" skipped="0">
  <testcase classname="testngpkg.Comparing2urlspgm" name="urlVerification" time="1.730"/>
  <system-out/>
</testsuite> <!-- testngpkg.Comparing2urlspgm -->
