<?xml version="1.0" encoding="UTF-8"?>
<!-- Generated by org.testng.reporters.JUnitReportReporter -->
<testsuite hostname="DESKTOP-LN7KGGF" failures="0" tests="4" name="testngpkg.Testingdemohw" time="4.701" errors="0" timestamp="2023-12-08T19:44:20 IST" skipped="1">
  <testcase classname="testngpkg.Testingdemohw" name="titleVerification" time="0.799"/>
  <system-out/>
  <testcase classname="testngpkg.Testingdemohw" name="titleVerification" time="1.089"/>
  <system-out/>
  <testcase classname="testngpkg.Testingdemohw" name="passingValues" time="2.813"/>
  <system-out/>
  <testcase classname="testngpkg.Testingdemohw" name="signUp">
    <skipped/>
  </testcase> <!-- signUp -->
  <system-out/>
</testsuite> <!-- testngpkg.Testingdemohw -->
