<?xml version="1.0" encoding="UTF-8"?>
<!-- Generated by org.testng.reporters.JUnitReportReporter -->
<testsuite hostname="DESKTOP-LN7KGGF" failures="0" tests="1" name="testngpkg.Comparing2urlusingsoftpgm" time="1.591" errors="0" timestamp="2023-12-27T17:27:32 IST" skipped="0">
  <testcase classname="testngpkg.Comparing2urlusingsoftpgm" name="urlVerification" time="1.591"/>
  <system-out/>
</testsuite> <!-- testngpkg.Comparing2urlusingsoftpgm -->
