<?xml version="1.0" encoding="UTF-8"?>
<!-- Generated by org.testng.reporters.JUnitReportReporter -->
<testsuite hostname="DESKTOP-LN7KGGF" failures="0" tests="3" name="testngpkg.Crossbrowsertesting" time="5.224" errors="0" timestamp="2023-12-15T17:36:12 IST" skipped="0">
  <testcase classname="testngpkg.Crossbrowsertesting" name="test1" time="1.482"/>
  <system-out/>
  <testcase classname="testngpkg.Crossbrowsertesting" name="test1" time="2.078"/>
  <system-out/>
  <testcase classname="testngpkg.Crossbrowsertesting" name="test1" time="1.664"/>
  <system-out/>
</testsuite> <!-- testngpkg.Crossbrowsertesting -->
