<?xml version="1.0" encoding="UTF-8"?>
<!-- Generated by org.testng.reporters.JUnitReportReporter -->
<testsuite hostname="DESKTOP-LN7KGGF" failures="0" tests="1" name="testngpkg.Demogurucw" time="6.925" errors="0" timestamp="2023-12-15T16:59:47 IST" skipped="0">
  <testcase classname="testngpkg.Demogurucw" name="test" time="6.925"/>
  <system-out/>
</testsuite> <!-- testngpkg.Demogurucw -->
