<?xml version="1.0" encoding="UTF-8"?>
<!-- Generated by org.testng.reporters.JUnitReportReporter -->
<testsuite hostname="DESKTOP-LN7KGGF" failures="0" tests="1" name="testngpkg.Uploadfilepgm" time="3.129" errors="0" timestamp="2023-12-26T17:05:35 IST" skipped="0">
  <testcase classname="testngpkg.Uploadfilepgm" name="test1" time="3.129"/>
  <system-out/>
</testsuite> <!-- testngpkg.Uploadfilepgm -->
