<?xml version="1.0" encoding="UTF-8"?>
<!-- Generated by org.testng.reporters.JUnitReportReporter -->
<testsuite hostname="DESKTOP-LN7KGGF" failures="0" tests="3" name="testngpkg.demotestnggrouping" time="0.043" errors="0" timestamp="2023-12-13T16:43:40 IST" skipped="0">
  <testcase classname="testngpkg.demotestnggrouping" name="test2" time="0.021"/>
  <system-out/>
  <testcase classname="testngpkg.demotestnggrouping" name="test3" time="0.006"/>
  <system-out/>
  <testcase classname="testngpkg.demotestnggrouping" name="test1" time="0.016"/>
  <system-out/>
</testsuite> <!-- testngpkg.demotestnggrouping -->
