<?xml version="1.0" encoding="UTF-8"?>
<!-- Generated by org.testng.reporters.JUnitReportReporter -->
<testsuite hostname="DESKTOP-LN7KGGF" failures="0" tests="1" name="testngpkg.Datepickerpgm" time="0.914" errors="0" timestamp="2023-12-20T17:18:20 IST" skipped="0">
  <testcase classname="testngpkg.Datepickerpgm" name="datepickertest" time="0.914"/>
  <system-out/>
</testsuite> <!-- testngpkg.Datepickerpgm -->
