<?xml version="1.0" encoding="UTF-8"?>
<!-- Generated by org.testng.reporters.JUnitReportReporter -->
<testsuite hostname="DESKTOP-LN7KGGF" failures="0" tests="1" name="testngpkg.Assertionsoftpgm" time="0.014" errors="0" timestamp="2023-12-27T17:23:22 IST" skipped="0">
  <testcase classname="testngpkg.Assertionsoftpgm" name="main" time="0.014"/>
  <system-out/>
</testsuite> <!-- testngpkg.Assertionsoftpgm -->
