<?xml version="1.0" encoding="UTF-8"?>
<!-- Generated by org.testng.reporters.JUnitReportReporter -->
<testsuite hostname="DESKTOP-LN7KGGF" failures="0" tests="1" name="testngpkg.Multiplewindowhandlingpgm" time="2.202" errors="0" timestamp="2023-12-21T16:58:20 IST" skipped="0">
  <testcase classname="testngpkg.Multiplewindowhandlingpgm" name="test" time="2.202"/>
  <system-out/>
</testsuite> <!-- testngpkg.Multiplewindowhandlingpgm -->
