<?xml version="1.0" encoding="UTF-8"?>
<!-- Generated by org.testng.reporters.JUnitReportReporter -->
<testsuite hostname="DESKTOP-LN7KGGF" failures="0" tests="1" name="herbaltestpkg.Herbaltesting" time="1.138" errors="0" timestamp="2024-02-20T16:26:47 IST" skipped="0">
  <testcase classname="herbaltestpkg.Herbaltesting" name="testing" time="1.138"/>
  <system-out/>
</testsuite> <!-- herbaltestpkg.Herbaltesting -->
