<?xml version="1.0" encoding="UTF-8"?>
<!-- Generated by org.testng.reporters.JUnitReportReporter -->
<testsuite hostname="DESKTOP-LN7KGGF" failures="0" tests="1" name="testngpkg.Multiplehandlingprgrm" time="20.789" errors="0" timestamp="2023-12-22T16:13:52 IST" skipped="0">
  <testcase classname="testngpkg.Multiplehandlingprgrm" name="test1" time="20.789"/>
  <system-out/>
</testsuite> <!-- testngpkg.Multiplehandlingprgrm -->
