<?xml version="1.0" encoding="UTF-8"?>
<!-- Generated by org.testng.reporters.JUnitReportReporter -->
<testsuite hostname="DESKTOP-LN7KGGF" failures="0" tests="1" name="testngpkg.Mousehoverpgm" time="3.327" errors="0" timestamp="2023-12-21T16:28:24 IST" skipped="0">
  <testcase classname="testngpkg.Mousehoverpgm" name="loading" time="3.327"/>
  <system-out/>
</testsuite> <!-- testngpkg.Mousehoverpgm -->
