<?xml version="1.0" encoding="UTF-8"?>
<!-- Generated by org.testng.reporters.JUnitReportReporter -->
<testsuite hostname="DESKTOP-LN7KGGF" failures="0" tests="1" name="testngpkg.Datadrivenpgm" time="13.709" errors="0" timestamp="2023-12-28T16:58:28 IST" skipped="0">
  <testcase classname="testngpkg.Datadrivenpgm" name="datadriven" time="13.709"/>
  <system-out/>
</testsuite> <!-- testngpkg.Datadrivenpgm -->
