<?xml version="1.0" encoding="UTF-8"?>
<!-- Generated by org.testng.reporters.JUnitReportReporter -->
<testsuite hostname="DESKTOP-LN7KGGF" failures="0" tests="5" name="testngpkg.Testngdemo" time="0.048" errors="0" timestamp="2023-12-08T19:04:35 IST" skipped="1">
  <testcase classname="testngpkg.Testngdemo" name="test3" time="0.030"/>
  <system-out/>
  <testcase classname="testngpkg.Testngdemo" name="test1" time="0.008"/>
  <system-out/>
  <testcase classname="testngpkg.Testngdemo" name="test1" time="0.004"/>
  <system-out/>
  <testcase classname="testngpkg.Testngdemo" name="test1" time="0.006"/>
  <system-out/>
  <testcase classname="testngpkg.Testngdemo" name="test2">
    <skipped/>
  </testcase> <!-- test2 -->
  <system-out/>
</testsuite> <!-- testngpkg.Testngdemo -->
