<?xml version="1.0" encoding="UTF-8"?>
<!-- Generated by org.testng.reporters.JUnitReportReporter -->
<testsuite hostname="DESKTOP-LN7KGGF" failures="0" tests="1" name="testngpkg.Uploadingbyautoitpgm" time="7.818" errors="0" timestamp="2023-12-27T16:29:18 IST" skipped="0">
  <testcase classname="testngpkg.Uploadingbyautoitpgm" name="main" time="7.818"/>
  <system-out/>
</testsuite> <!-- testngpkg.Uploadingbyautoitpgm -->
