<?xml version="1.0" encoding="UTF-8"?>
<!-- Generated by org.testng.reporters.JUnitReportReporter -->
<testsuite hostname="DESKTOP-LN7KGGF" failures="0" tests="1" name="testngpkg.Demodraganddrop" time="7.456" errors="0" timestamp="2023-12-16T20:45:29 IST" skipped="0">
  <testcase classname="testngpkg.Demodraganddrop" name="test1" time="7.456"/>
  <system-out/>
</testsuite> <!-- testngpkg.Demodraganddrop -->
