<?xml version="1.0" encoding="UTF-8"?>
<!-- Generated by org.testng.reporters.JUnitReportReporter -->
<testsuite hostname="DESKTOP-LN7KGGF" failures="0" tests="1" name="testngpkg.Facebooktestng" time="2.255" errors="0" timestamp="2023-12-14T16:08:01 IST" skipped="0">
  <testcase classname="testngpkg.Facebooktestng" name="main" time="2.255"/>
  <system-out/>
</testsuite> <!-- testngpkg.Facebooktestng -->
