<?xml version="1.0" encoding="UTF-8"?>
<!-- Generated by org.testng.reporters.JUnitReportReporter -->
<testsuite hostname="DESKTOP-LN7KGGF" failures="0" tests="1" name="testngpkg.Copypaste" time="0.825" errors="0" timestamp="2023-12-14T16:33:46 IST" skipped="0">
  <testcase classname="testngpkg.Copypaste" name="test" time="0.825"/>
  <system-out/>
</testsuite> <!-- testngpkg.Copypaste -->
